[PARSEC] Benchmarks to run:  splash2x.fmm

[PARSEC] [========== Running benchmark splash2x.fmm [1] ==========]
[PARSEC] Deleting old run directory.
[PARSEC] Setting up run directory.
[PARSEC] Unpacking benchmark input 'native'.
input.template
[PARSEC] Running 'time /users/pxie4/ECE522/mp2/hugepage/parsec-3.0/ext/splash2x/apps/fmm/inst/amd64-linux.gcc-pthreads/bin/run.sh 1 native':
[PARSEC] [---------- Beginning of output ----------]
Generating input file input_1...
Running /users/pxie4/ECE522/mp2/hugepage/parsec-3.0/ext/splash2x/apps/fmm/inst/amd64-linux.gcc-pthreads/bin/fmm 1 < input_1:
Creating a two cluster, non uniform distribution for 4194304 particles
Starting FMM with 1 processor
Finished FMM
                                   PROCESS STATISTICS
             Track        Tree        List        Part        Pass       Inter        Bar        Intra       Other
 Proc        Time         Time        Time        Time        Time       Time         Time       Time        Time
    0     57831550     1593750     1220920      651456     7570830    45400433           3      764624      629521

                                   TIMING INFORMATION
Start time                        : 1727740993921427
Initialization finish time        : 1727741035465735
Overall finish time               : 1727741093297285
Total time with initialization    :         99375858
Total time without initialization :         57831550

Total time for steps 3 to 5 :     57831550


real	1m39.389s
user	1m39.162s
sys	0m0.229s
[PARSEC] [----------    End of output    ----------]
[PARSEC]
[PARSEC] BIBLIOGRAPHY
[PARSEC]
[PARSEC] [1] Woo et al. The SPLASH-2 Programs: Characterization and Methodological Considerations. ISCA, 1995.
[PARSEC]
[PARSEC] Done.
