This file contains any messages produced by compilers while
running configure, to aid debugging if configure makes a mistake.

It was created by yasm configure 0.7.1, which was
generated by GNU Autoconf 2.61.  Invocation command line was

  $ /home/kvm/parsec-3.0/bin/../pkgs/tools/yasm/src/configure --prefix=/home/kvm/parsec-3.0/bin/../pkgs/tools/yasm/inst/amd64-linux.gcc-pthreads

## --------- ##
## Platform. ##
## --------- ##

hostname = vm1
uname -m = x86_64
uname -r = 3.2.0-37-virtual
uname -s = Linux
uname -v = #58-Ubuntu SMP Thu Jan 24 15:48:03 UTC 2013

/usr/bin/uname -p = unknown
/bin/uname -X     = unknown

/bin/arch              = unknown
/usr/bin/arch -k       = unknown
/usr/convex/getsysinfo = unknown
/usr/bin/hostinfo      = unknown
/bin/machine           = unknown
/usr/bin/oslevel       = unknown
/bin/universe          = unknown

PATH: /home/kvm/parsec-3.0/bin/../bin
PATH: /usr/local/sbin
PATH: /usr/local/bin
PATH: /usr/sbin
PATH: /usr/bin
PATH: /sbin
PATH: /bin
PATH: /usr/games
PATH: /home/kvm/parsec-3.0/bin


## ----------- ##
## Core tests. ##
## ----------- ##

configure:1861: checking for a BSD-compatible install
configure:1917: result: /home/kvm/parsec-3.0/bin/../bin/install -c
configure:1928: checking whether build environment is sane
configure:1971: result: yes
configure:1999: checking for a thread-safe mkdir -p
configure:2038: result: /bin/mkdir -p
configure:2051: checking for gawk
configure:2081: result: no
configure:2051: checking for mawk
configure:2067: found /usr/bin/mawk
configure:2078: result: mawk
configure:2089: checking whether /usr/bin/make sets $(MAKE)
configure:2110: result: yes
configure:2298: checking whether to enable maintainer-specific portions of Makefiles
configure:2307: result: no
configure:2426: checking for style of include used by /usr/bin/make
configure:2454: result: GNU
configure:2524: checking for gcc
configure:2551: result: /usr/bin/gcc
configure:2789: checking for C compiler version
configure:2796: /usr/bin/gcc --version >&5
gcc (Ubuntu/Linaro 4.6.3-1ubuntu5) 4.6.3
Copyright (C) 2011 Free Software Foundation, Inc.
This is free software; see the source for copying conditions.  There is NO
warranty; not even for MERCHANTABILITY or FITNESS FOR A PARTICULAR PURPOSE.

configure:2799: $? = 0
configure:2806: /usr/bin/gcc -v >&5
Using built-in specs.
COLLECT_GCC=/usr/bin/gcc
COLLECT_LTO_WRAPPER=/usr/lib/gcc/x86_64-linux-gnu/4.6/lto-wrapper
Target: x86_64-linux-gnu
Configured with: ../src/configure -v --with-pkgversion='Ubuntu/Linaro 4.6.3-1ubuntu5' --with-bugurl=file:///usr/share/doc/gcc-4.6/README.Bugs --enable-languages=c,c++,fortran,objc,obj-c++ --prefix=/usr --program-suffix=-4.6 --enable-shared --enable-linker-build-id --with-system-zlib --libexecdir=/usr/lib --without-included-gettext --enable-threads=posix --with-gxx-include-dir=/usr/include/c++/4.6 --libdir=/usr/lib --enable-nls --with-sysroot=/ --enable-clocale=gnu --enable-libstdcxx-debug --enable-libstdcxx-time=yes --enable-gnu-unique-object --enable-plugin --enable-objc-gc --disable-werror --with-arch-32=i686 --with-tune=generic --enable-checking=release --build=x86_64-linux-gnu --host=x86_64-linux-gnu --target=x86_64-linux-gnu
Thread model: posix
gcc version 4.6.3 (Ubuntu/Linaro 4.6.3-1ubuntu5) 
configure:2809: $? = 0
configure:2816: /usr/bin/gcc -V >&5
gcc: error: unrecognized option '-V'
gcc: fatal error: no input files
compilation terminated.
configure:2819: $? = 4
configure:2842: checking for C compiler default output file name
configure:2869: /usr/bin/gcc  -O3 -g -funroll-loops -fprefetch-loop-arrays -static-libgcc -Wl,--hash-style=both,--as-needed -DPARSEC_VERSION=3.0-beta-20120904  -L/usr/lib64 -L/usr/lib conftest.c -L/usr/lib64 -L/usr/lib  >&5
configure:2872: $? = 0
configure:2910: result: a.out
configure:2927: checking whether the C compiler works
configure:2937: ./a.out
configure:2940: $? = 0
configure:2957: result: yes
configure:2964: checking whether we are cross compiling
configure:2966: result: no
configure:2969: checking for suffix of executables
configure:2976: /usr/bin/gcc -o conftest  -O3 -g -funroll-loops -fprefetch-loop-arrays -static-libgcc -Wl,--hash-style=both,--as-needed -DPARSEC_VERSION=3.0-beta-20120904  -L/usr/lib64 -L/usr/lib conftest.c -L/usr/lib64 -L/usr/lib  >&5
configure:2979: $? = 0
configure:3003: result: 
configure:3009: checking for suffix of object files
configure:3035: /usr/bin/gcc -c  -O3 -g -funroll-loops -fprefetch-loop-arrays -static-libgcc -Wl,--hash-style=both,--as-needed -DPARSEC_VERSION=3.0-beta-20120904  conftest.c >&5
configure:3038: $? = 0
configure:3061: result: o
configure:3065: checking whether we are using the GNU C compiler
configure:3094: /usr/bin/gcc -c  -O3 -g -funroll-loops -fprefetch-loop-arrays -static-libgcc -Wl,--hash-style=both,--as-needed -DPARSEC_VERSION=3.0-beta-20120904  conftest.c >&5
configure:3100: $? = 0
configure:3117: result: yes
configure:3122: checking whether /usr/bin/gcc accepts -g
configure:3152: /usr/bin/gcc -c -g  conftest.c >&5
configure:3158: $? = 0
configure:3257: result: yes
configure:3274: checking for /usr/bin/gcc option to accept ISO C89
configure:3348: /usr/bin/gcc  -c  -O3 -g -funroll-loops -fprefetch-loop-arrays -static-libgcc -Wl,--hash-style=both,--as-needed -DPARSEC_VERSION=3.0-beta-20120904  conftest.c >&5
configure:3354: $? = 0
configure:3377: result: none needed
configure:3397: checking dependency style of /usr/bin/gcc
configure:3488: result: gcc3
configure:3508: checking how to run the C preprocessor
configure:3624: result: /usr/bin/cpp
configure:3653: /usr/bin/cpp  conftest.c
configure:3659: $? = 0
configure:3690: /usr/bin/cpp  conftest.c
conftest.c:12:28: fatal error: ac_nonexistent.h: No such file or directory
compilation terminated.
configure:3696: $? = 1
configure: failed program was:
| /* confdefs.h.  */
| #define PACKAGE_NAME "yasm"
| #define PACKAGE_TARNAME "yasm"
| #define PACKAGE_VERSION "0.7.1"
| #define PACKAGE_STRING "yasm 0.7.1"
| #define PACKAGE_BUGREPORT "bug-yasm@tortall.net"
| #define PACKAGE "yasm"
| #define VERSION "0.7.1"
| #define PACKAGE_INTVER "0.7.1"
| #define PACKAGE_BUILD "2093"
| /* end confdefs.h.  */
| #include <ac_nonexistent.h>
configure:3740: checking for /usr/bin/gcc option to accept ISO C99
configure:3899: /usr/bin/gcc  -c  -O3 -g -funroll-loops -fprefetch-loop-arrays -static-libgcc -Wl,--hash-style=both,--as-needed -DPARSEC_VERSION=3.0-beta-20120904  conftest.c >&5
conftest.c:63:29: error: expected ';', ',' or ')' before 'text'
conftest.c: In function 'main':
conftest.c:117:18: error: expected '=', ',', ';', 'asm' or '__attribute__' before 'newvar'
conftest.c:117:18: error: 'newvar' undeclared (first use in this function)
conftest.c:117:18: note: each undeclared identifier is reported only once for each function it appears in
conftest.c:127:3: error: 'for' loop initial declarations are only allowed in C99 mode
conftest.c:127:3: note: use option -std=c99 or -std=gnu99 to compile your code
configure:3905: $? = 1
configure: failed program was:
| /* confdefs.h.  */
| #define PACKAGE_NAME "yasm"
| #define PACKAGE_TARNAME "yasm"
| #define PACKAGE_VERSION "0.7.1"
| #define PACKAGE_STRING "yasm 0.7.1"
| #define PACKAGE_BUGREPORT "bug-yasm@tortall.net"
| #define PACKAGE "yasm"
| #define VERSION "0.7.1"
| #define PACKAGE_INTVER "0.7.1"
| #define PACKAGE_BUILD "2093"
| #define CPP_PROG "/usr/bin/cpp"
| /* end confdefs.h.  */
| #include <stdarg.h>
| #include <stdbool.h>
| #include <stdlib.h>
| #include <wchar.h>
| #include <stdio.h>
| 
| // Check varargs macros.  These examples are taken from C99 6.10.3.5.
| #define debug(...) fprintf (stderr, __VA_ARGS__)
| #define showlist(...) puts (#__VA_ARGS__)
| #define report(test,...) ((test) ? puts (#test) : printf (__VA_ARGS__))
| static void
| test_varargs_macros (void)
| {
|   int x = 1234;
|   int y = 5678;
|   debug ("Flag");
|   debug ("X = %d\n", x);
|   showlist (The first, second, and third items.);
|   report (x>y, "x is %d but y is %d", x, y);
| }
| 
| // Check long long types.
| #define BIG64 18446744073709551615ull
| #define BIG32 4294967295ul
| #define BIG_OK (BIG64 / BIG32 == 4294967297ull && BIG64 % BIG32 == 0)
| #if !BIG_OK
|   your preprocessor is broken;
| #endif
| #if BIG_OK
| #else
|   your preprocessor is broken;
| #endif
| static long long int bignum = -9223372036854775807LL;
| static unsigned long long int ubignum = BIG64;
| 
| struct incomplete_array
| {
|   int datasize;
|   double data[];
| };
| 
| struct named_init {
|   int number;
|   const wchar_t *name;
|   double average;
| };
| 
| typedef const char *ccp;
| 
| static inline int
| test_restrict (ccp restrict text)
| {
|   // See if C++-style comments work.
|   // Iterate through items via the restricted pointer.
|   // Also check for declarations in for loops.
|   for (unsigned int i = 0; *(text+i) != '\0'; ++i)
|     continue;
|   return 0;
| }
| 
| // Check varargs and va_copy.
| static void
| test_varargs (const char *format, ...)
| {
|   va_list args;
|   va_start (args, format);
|   va_list args_copy;
|   va_copy (args_copy, args);
| 
|   const char *str;
|   int number;
|   float fnumber;
| 
|   while (*format)
|     {
|       switch (*format++)
| 	{
| 	case 's': // string
| 	  str = va_arg (args_copy, const char *);
| 	  break;
| 	case 'd': // int
| 	  number = va_arg (args_copy, int);
| 	  break;
| 	case 'f': // float
| 	  fnumber = va_arg (args_copy, double);
| 	  break;
| 	default:
| 	  break;
| 	}
|     }
|   va_end (args_copy);
|   va_end (args);
| }
| 
| int
| main ()
| {
| 
|   // Check bool.
|   _Bool success = false;
| 
|   // Check restrict.
|   if (test_restrict ("String literal") == 0)
|     success = true;
|   char *restrict newvar = "Another string";
| 
|   // Check varargs.
|   test_varargs ("s, d' f .", "string", 65, 34.234);
|   test_varargs_macros ();
| 
|   // Check flexible array members.
|   struct incomplete_array *ia =
|     malloc (sizeof (struct incomplete_array) + (sizeof (double) * 10));
|   ia->datasize = 10;
|   for (int i = 0; i < ia->datasize; ++i)
|     ia->data[i] = i * 1.234;
| 
|   // Check named initializers.
|   struct named_init ni = {
|     .number = 34,
|     .name = L"Test wide string",
|     .average = 543.34343,
|   };
| 
|   ni.number = 58;
| 
|   int dynamic_array[ni.number];
|   dynamic_array[ni.number - 1] = 543;
| 
|   // work around unused variable warnings
|   return (!success || bignum == 0LL || ubignum == 0uLL || newvar[0] == 'x'
| 	  || dynamic_array[ni.number - 1] != 543);
| 
|   ;
|   return 0;
| }
configure:3899: /usr/bin/gcc -std=gnu99 -c  -O3 -g -funroll-loops -fprefetch-loop-arrays -static-libgcc -Wl,--hash-style=both,--as-needed -DPARSEC_VERSION=3.0-beta-20120904  conftest.c >&5
configure:3905: $? = 0
configure:3935: result: -std=gnu99
configure:4065: checking for /usr/bin/gcc -std=gnu99 option to accept ISO Standard C
configure:4076: result: -std=gnu99
configure:4094: checking for a BSD-compatible install
configure:4150: result: /home/kvm/parsec-3.0/bin/../bin/install -c
configure:4161: checking whether ln -s works
configure:4165: result: yes
configure:4215: checking for ranlib
configure:4242: result: /usr/bin/ranlib
configure:4281: checking for xmlto
configure:4311: result: no
configure:4321: WARNING: xmlto not found, manpages will not be rebuilt.
configure:4340: checking if malloc debugging is wanted
configure:4360: result: no
configure:4371: checking for grep that handles long lines and -e
configure:4445: result: /bin/grep
configure:4450: checking for egrep
configure:4528: result: /bin/grep -E
configure:4533: checking for ANSI C header files
configure:4563: /usr/bin/gcc -std=gnu99 -c  -O3 -g -funroll-loops -fprefetch-loop-arrays -static-libgcc -Wl,--hash-style=both,--as-needed -DPARSEC_VERSION=3.0-beta-20120904  conftest.c >&5
configure:4569: $? = 0
configure:4668: /usr/bin/gcc -std=gnu99 -o conftest  -O3 -g -funroll-loops -fprefetch-loop-arrays -static-libgcc -Wl,--hash-style=both,--as-needed -DPARSEC_VERSION=3.0-beta-20120904  -L/usr/lib64 -L/usr/lib conftest.c -L/usr/lib64 -L/usr/lib  >&5
configure:4671: $? = 0
configure:4677: ./conftest
configure:4680: $? = 0
configure:4697: result: yes
configure:4721: checking for sys/types.h
configure:4742: /usr/bin/gcc -std=gnu99 -c  -O3 -g -funroll-loops -fprefetch-loop-arrays -static-libgcc -Wl,--hash-style=both,--as-needed -DPARSEC_VERSION=3.0-beta-20120904  conftest.c >&5
configure:4748: $? = 0
configure:4764: result: yes
configure:4721: checking for sys/stat.h
configure:4742: /usr/bin/gcc -std=gnu99 -c  -O3 -g -funroll-loops -fprefetch-loop-arrays -static-libgcc -Wl,--hash-style=both,--as-needed -DPARSEC_VERSION=3.0-beta-20120904  conftest.c >&5
configure:4748: $? = 0
configure:4764: result: yes
configure:4721: checking for stdlib.h
configure:4742: /usr/bin/gcc -std=gnu99 -c  -O3 -g -funroll-loops -fprefetch-loop-arrays -static-libgcc -Wl,--hash-style=both,--as-needed -DPARSEC_VERSION=3.0-beta-20120904  conftest.c >&5
configure:4748: $? = 0
configure:4764: result: yes
configure:4721: checking for string.h
configure:4742: /usr/bin/gcc -std=gnu99 -c  -O3 -g -funroll-loops -fprefetch-loop-arrays -static-libgcc -Wl,--hash-style=both,--as-needed -DPARSEC_VERSION=3.0-beta-20120904  conftest.c >&5
configure:4748: $? = 0
configure:4764: result: yes
configure:4721: checking for memory.h
configure:4742: /usr/bin/gcc -std=gnu99 -c  -O3 -g -funroll-loops -fprefetch-loop-arrays -static-libgcc -Wl,--hash-style=both,--as-needed -DPARSEC_VERSION=3.0-beta-20120904  conftest.c >&5
configure:4748: $? = 0
configure:4764: result: yes
configure:4721: checking for strings.h
configure:4742: /usr/bin/gcc -std=gnu99 -c  -O3 -g -funroll-loops -fprefetch-loop-arrays -static-libgcc -Wl,--hash-style=both,--as-needed -DPARSEC_VERSION=3.0-beta-20120904  conftest.c >&5
configure:4748: $? = 0
configure:4764: result: yes
configure:4721: checking for inttypes.h
configure:4742: /usr/bin/gcc -std=gnu99 -c  -O3 -g -funroll-loops -fprefetch-loop-arrays -static-libgcc -Wl,--hash-style=both,--as-needed -DPARSEC_VERSION=3.0-beta-20120904  conftest.c >&5
configure:4748: $? = 0
configure:4764: result: yes
configure:4721: checking for stdint.h
configure:4742: /usr/bin/gcc -std=gnu99 -c  -O3 -g -funroll-loops -fprefetch-loop-arrays -static-libgcc -Wl,--hash-style=both,--as-needed -DPARSEC_VERSION=3.0-beta-20120904  conftest.c >&5
configure:4748: $? = 0
configure:4764: result: yes
configure:4721: checking for unistd.h
configure:4742: /usr/bin/gcc -std=gnu99 -c  -O3 -g -funroll-loops -fprefetch-loop-arrays -static-libgcc -Wl,--hash-style=both,--as-needed -DPARSEC_VERSION=3.0-beta-20120904  conftest.c >&5
configure:4748: $? = 0
configure:4764: result: yes
configure:4784: checking for strings.h
configure:4790: result: yes
configure:4794: checking libgen.h usability
configure:4811: /usr/bin/gcc -std=gnu99 -c  -O3 -g -funroll-loops -fprefetch-loop-arrays -static-libgcc -Wl,--hash-style=both,--as-needed -DPARSEC_VERSION=3.0-beta-20120904  conftest.c >&5
configure:4817: $? = 0
configure:4831: result: yes
configure:4835: checking libgen.h presence
configure:4850: /usr/bin/cpp  conftest.c
configure:4856: $? = 0
configure:4870: result: yes
configure:4903: checking for libgen.h
configure:4911: result: yes
configure:4784: checking for unistd.h
configure:4790: result: yes
configure:4794: checking direct.h usability
configure:4811: /usr/bin/gcc -std=gnu99 -c  -O3 -g -funroll-loops -fprefetch-loop-arrays -static-libgcc -Wl,--hash-style=both,--as-needed -DPARSEC_VERSION=3.0-beta-20120904  conftest.c >&5
conftest.c:59:20: fatal error: direct.h: No such file or directory
compilation terminated.
configure:4817: $? = 1
configure: failed program was:
| /* confdefs.h.  */
| #define PACKAGE_NAME "yasm"
| #define PACKAGE_TARNAME "yasm"
| #define PACKAGE_VERSION "0.7.1"
| #define PACKAGE_STRING "yasm 0.7.1"
| #define PACKAGE_BUGREPORT "bug-yasm@tortall.net"
| #define PACKAGE "yasm"
| #define VERSION "0.7.1"
| #define PACKAGE_INTVER "0.7.1"
| #define PACKAGE_BUILD "2093"
| #define CPP_PROG "/usr/bin/cpp"
| #define STDC_HEADERS 1
| #define HAVE_SYS_TYPES_H 1
| #define HAVE_SYS_STAT_H 1
| #define HAVE_STDLIB_H 1
| #define HAVE_STRING_H 1
| #define HAVE_MEMORY_H 1
| #define HAVE_STRINGS_H 1
| #define HAVE_INTTYPES_H 1
| #define HAVE_STDINT_H 1
| #define HAVE_UNISTD_H 1
| #define HAVE_STRINGS_H 1
| #define HAVE_LIBGEN_H 1
| #define HAVE_UNISTD_H 1
| /* end confdefs.h.  */
| #include <stdio.h>
| #ifdef HAVE_SYS_TYPES_H
| # include <sys/types.h>
| #endif
| #ifdef HAVE_SYS_STAT_H
| # include <sys/stat.h>
| #endif
| #ifdef STDC_HEADERS
| # include <stdlib.h>
| # include <stddef.h>
| #else
| # ifdef HAVE_STDLIB_H
| #  include <stdlib.h>
| # endif
| #endif
| #ifdef HAVE_STRING_H
| # if !defined STDC_HEADERS && defined HAVE_MEMORY_H
| #  include <memory.h>
| # endif
| # include <string.h>
| #endif
| #ifdef HAVE_STRINGS_H
| # include <strings.h>
| #endif
| #ifdef HAVE_INTTYPES_H
| # include <inttypes.h>
| #endif
| #ifdef HAVE_STDINT_H
| # include <stdint.h>
| #endif
| #ifdef HAVE_UNISTD_H
| # include <unistd.h>
| #endif
| #include <direct.h>
configure:4831: result: no
configure:4835: checking direct.h presence
configure:4850: /usr/bin/cpp  conftest.c
conftest.c:26:20: fatal error: direct.h: No such file or directory
compilation terminated.
configure:4856: $? = 1
configure: failed program was:
| /* confdefs.h.  */
| #define PACKAGE_NAME "yasm"
| #define PACKAGE_TARNAME "yasm"
| #define PACKAGE_VERSION "0.7.1"
| #define PACKAGE_STRING "yasm 0.7.1"
| #define PACKAGE_BUGREPORT "bug-yasm@tortall.net"
| #define PACKAGE "yasm"
| #define VERSION "0.7.1"
| #define PACKAGE_INTVER "0.7.1"
| #define PACKAGE_BUILD "2093"
| #define CPP_PROG "/usr/bin/cpp"
| #define STDC_HEADERS 1
| #define HAVE_SYS_TYPES_H 1
| #define HAVE_SYS_STAT_H 1
| #define HAVE_STDLIB_H 1
| #define HAVE_STRING_H 1
| #define HAVE_MEMORY_H 1
| #define HAVE_STRINGS_H 1
| #define HAVE_INTTYPES_H 1
| #define HAVE_STDINT_H 1
| #define HAVE_UNISTD_H 1
| #define HAVE_STRINGS_H 1
| #define HAVE_LIBGEN_H 1
| #define HAVE_UNISTD_H 1
| /* end confdefs.h.  */
| #include <direct.h>
configure:4870: result: no
configure:4903: checking for direct.h
configure:4911: result: no
configure:4935: checking for an ANSI C-conforming const
configure:5010: /usr/bin/gcc -std=gnu99 -c  -O3 -g -funroll-loops -fprefetch-loop-arrays -static-libgcc -Wl,--hash-style=both,--as-needed -DPARSEC_VERSION=3.0-beta-20120904  conftest.c >&5
configure:5016: $? = 0
configure:5031: result: yes
configure:5041: checking for inline
configure:5067: /usr/bin/gcc -std=gnu99 -c  -O3 -g -funroll-loops -fprefetch-loop-arrays -static-libgcc -Wl,--hash-style=both,--as-needed -DPARSEC_VERSION=3.0-beta-20120904  conftest.c >&5
configure:5073: $? = 0
configure:5091: result: inline
configure:5110: checking for function prototypes
configure:5113: result: yes
configure:5130: checking for size_t
configure:5160: /usr/bin/gcc -std=gnu99 -c  -O3 -g -funroll-loops -fprefetch-loop-arrays -static-libgcc -Wl,--hash-style=both,--as-needed -DPARSEC_VERSION=3.0-beta-20120904  conftest.c >&5
configure:5166: $? = 0
configure:5181: result: yes
configure:5194: checking for stdint types
configure:5227: /usr/bin/gcc -std=gnu99 -c   conftest.c >&5
configure:5233: $? = 0
configure:5266: result: stdint.h (shortcircuit)
configure:7965: result: make use of stdint.h in libyasm-stdint.h (assuming C99 compatible system)
configure:7982: checking for abort
configure:8038: /usr/bin/gcc -std=gnu99 -o conftest  -O3 -g -funroll-loops -fprefetch-loop-arrays -static-libgcc -Wl,--hash-style=both,--as-needed -DPARSEC_VERSION=3.0-beta-20120904  -L/usr/lib64 -L/usr/lib conftest.c -L/usr/lib64 -L/usr/lib  >&5
conftest.c:51:6: warning: conflicting types for built-in function 'abort' [enabled by default]
configure:8044: $? = 0
configure:8062: result: yes
configure:7982: checking for toascii
configure:8038: /usr/bin/gcc -std=gnu99 -o conftest  -O3 -g -funroll-loops -fprefetch-loop-arrays -static-libgcc -Wl,--hash-style=both,--as-needed -DPARSEC_VERSION=3.0-beta-20120904  -L/usr/lib64 -L/usr/lib conftest.c -L/usr/lib64 -L/usr/lib  >&5
conftest.c:52:6: warning: conflicting types for built-in function 'toascii' [enabled by default]
configure:8044: $? = 0
configure:8062: result: yes
configure:7982: checking for vsnprintf
configure:8038: /usr/bin/gcc -std=gnu99 -o conftest  -O3 -g -funroll-loops -fprefetch-loop-arrays -static-libgcc -Wl,--hash-style=both,--as-needed -DPARSEC_VERSION=3.0-beta-20120904  -L/usr/lib64 -L/usr/lib conftest.c -L/usr/lib64 -L/usr/lib  >&5
conftest.c:53:6: warning: conflicting types for built-in function 'vsnprintf' [enabled by default]
configure:8044: $? = 0
configure:8062: result: yes
configure:8078: checking for strsep
configure:8134: /usr/bin/gcc -std=gnu99 -o conftest  -O3 -g -funroll-loops -fprefetch-loop-arrays -static-libgcc -Wl,--hash-style=both,--as-needed -DPARSEC_VERSION=3.0-beta-20120904  -L/usr/lib64 -L/usr/lib conftest.c -L/usr/lib64 -L/usr/lib  >&5
configure:8140: $? = 0
configure:8158: result: yes
configure:8078: checking for mergesort
configure:8134: /usr/bin/gcc -std=gnu99 -o conftest  -O3 -g -funroll-loops -fprefetch-loop-arrays -static-libgcc -Wl,--hash-style=both,--as-needed -DPARSEC_VERSION=3.0-beta-20120904  -L/usr/lib64 -L/usr/lib conftest.c -L/usr/lib64 -L/usr/lib  >&5
/tmp/ccEwqmHh.o: In function `main':
/home/kvm/parsec-3.0/pkgs/tools/yasm/obj/amd64-linux.gcc-pthreads/conftest.c:66: undefined reference to `mergesort'
collect2: ld returned 1 exit status
configure:8140: $? = 1
configure: failed program was:
| /* confdefs.h.  */
| #define PACKAGE_NAME "yasm"
| #define PACKAGE_TARNAME "yasm"
| #define PACKAGE_VERSION "0.7.1"
| #define PACKAGE_STRING "yasm 0.7.1"
| #define PACKAGE_BUGREPORT "bug-yasm@tortall.net"
| #define PACKAGE "yasm"
| #define VERSION "0.7.1"
| #define PACKAGE_INTVER "0.7.1"
| #define PACKAGE_BUILD "2093"
| #define CPP_PROG "/usr/bin/cpp"
| #define STDC_HEADERS 1
| #define HAVE_SYS_TYPES_H 1
| #define HAVE_SYS_STAT_H 1
| #define HAVE_STDLIB_H 1
| #define HAVE_STRING_H 1
| #define HAVE_MEMORY_H 1
| #define HAVE_STRINGS_H 1
| #define HAVE_INTTYPES_H 1
| #define HAVE_STDINT_H 1
| #define HAVE_UNISTD_H 1
| #define HAVE_STRINGS_H 1
| #define HAVE_LIBGEN_H 1
| #define HAVE_UNISTD_H 1
| #define PROTOTYPES 1
| #define __PROTOTYPES 1
| #define HAVE_ABORT 1
| #define HAVE_TOASCII 1
| #define HAVE_VSNPRINTF 1
| #define HAVE_STRSEP 1
| /* end confdefs.h.  */
| /* Define mergesort to an innocuous variant, in case <limits.h> declares mergesort.
|    For example, HP-UX 11i <limits.h> declares gettimeofday.  */
| #define mergesort innocuous_mergesort
| 
| /* System header to define __stub macros and hopefully few prototypes,
|     which can conflict with char mergesort (); below.
|     Prefer <limits.h> to <assert.h> if __STDC__ is defined, since
|     <limits.h> exists even on freestanding compilers.  */
| 
| #ifdef __STDC__
| # include <limits.h>
| #else
| # include <assert.h>
| #endif
| 
| #undef mergesort
| 
| /* Override any GCC internal prototype to avoid an error.
|    Use char because int might match the return type of a GCC
|    builtin and then its argument prototype would still apply.  */
| #ifdef __cplusplus
| extern "C"
| #endif
| char mergesort ();
| /* The GNU C library defines this for functions which it implements
|     to always fail with ENOSYS.  Some functions are actually named
|     something starting with __ and the normal name is an alias.  */
| #if defined __stub_mergesort || defined __stub___mergesort
| choke me
| #endif
| 
| int
| main ()
| {
| return mergesort ();
|   ;
|   return 0;
| }
configure:8158: result: no
configure:8078: checking for getcwd
configure:8134: /usr/bin/gcc -std=gnu99 -o conftest  -O3 -g -funroll-loops -fprefetch-loop-arrays -static-libgcc -Wl,--hash-style=both,--as-needed -DPARSEC_VERSION=3.0-beta-20120904  -L/usr/lib64 -L/usr/lib conftest.c -L/usr/lib64 -L/usr/lib  >&5
configure:8140: $? = 0
configure:8158: result: yes
configure:8172: checking for popen
configure:8228: /usr/bin/gcc -std=gnu99 -o conftest  -O3 -g -funroll-loops -fprefetch-loop-arrays -static-libgcc -Wl,--hash-style=both,--as-needed -DPARSEC_VERSION=3.0-beta-20120904  -L/usr/lib64 -L/usr/lib conftest.c -L/usr/lib64 -L/usr/lib  >&5
configure:8234: $? = 0
configure:8252: result: yes
configure:8271: checking for strcasecmp
configure:8327: /usr/bin/gcc -std=gnu99 -o conftest  -O3 -g -funroll-loops -fprefetch-loop-arrays -static-libgcc -Wl,--hash-style=both,--as-needed -DPARSEC_VERSION=3.0-beta-20120904  -L/usr/lib64 -L/usr/lib conftest.c -L/usr/lib64 -L/usr/lib  >&5
conftest.c:57:6: warning: conflicting types for built-in function 'strcasecmp' [enabled by default]
configure:8333: $? = 0
configure:8351: result: yes
configure:8271: checking for strncasecmp
configure:8327: /usr/bin/gcc -std=gnu99 -o conftest  -O3 -g -funroll-loops -fprefetch-loop-arrays -static-libgcc -Wl,--hash-style=both,--as-needed -DPARSEC_VERSION=3.0-beta-20120904  -L/usr/lib64 -L/usr/lib conftest.c -L/usr/lib64 -L/usr/lib  >&5
conftest.c:58:6: warning: conflicting types for built-in function 'strncasecmp' [enabled by default]
configure:8333: $? = 0
configure:8351: result: yes
configure:8271: checking for stricmp
configure:8327: /usr/bin/gcc -std=gnu99 -o conftest  -O3 -g -funroll-loops -fprefetch-loop-arrays -static-libgcc -Wl,--hash-style=both,--as-needed -DPARSEC_VERSION=3.0-beta-20120904  -L/usr/lib64 -L/usr/lib conftest.c -L/usr/lib64 -L/usr/lib  >&5
/tmp/ccjExlYH.o: In function `main':
/home/kvm/parsec-3.0/pkgs/tools/yasm/obj/amd64-linux.gcc-pthreads/conftest.c:70: undefined reference to `stricmp'
collect2: ld returned 1 exit status
configure:8333: $? = 1
configure: failed program was:
| /* confdefs.h.  */
| #define PACKAGE_NAME "yasm"
| #define PACKAGE_TARNAME "yasm"
| #define PACKAGE_VERSION "0.7.1"
| #define PACKAGE_STRING "yasm 0.7.1"
| #define PACKAGE_BUGREPORT "bug-yasm@tortall.net"
| #define PACKAGE "yasm"
| #define VERSION "0.7.1"
| #define PACKAGE_INTVER "0.7.1"
| #define PACKAGE_BUILD "2093"
| #define CPP_PROG "/usr/bin/cpp"
| #define STDC_HEADERS 1
| #define HAVE_SYS_TYPES_H 1
| #define HAVE_SYS_STAT_H 1
| #define HAVE_STDLIB_H 1
| #define HAVE_STRING_H 1
| #define HAVE_MEMORY_H 1
| #define HAVE_STRINGS_H 1
| #define HAVE_INTTYPES_H 1
| #define HAVE_STDINT_H 1
| #define HAVE_UNISTD_H 1
| #define HAVE_STRINGS_H 1
| #define HAVE_LIBGEN_H 1
| #define HAVE_UNISTD_H 1
| #define PROTOTYPES 1
| #define __PROTOTYPES 1
| #define HAVE_ABORT 1
| #define HAVE_TOASCII 1
| #define HAVE_VSNPRINTF 1
| #define HAVE_STRSEP 1
| #define HAVE_GETCWD 1
| #define HAVE_POPEN 1
| #define HAVE_STRCASECMP 1
| #define HAVE_STRNCASECMP 1
| /* end confdefs.h.  */
| /* Define stricmp to an innocuous variant, in case <limits.h> declares stricmp.
|    For example, HP-UX 11i <limits.h> declares gettimeofday.  */
| #define stricmp innocuous_stricmp
| 
| /* System header to define __stub macros and hopefully few prototypes,
|     which can conflict with char stricmp (); below.
|     Prefer <limits.h> to <assert.h> if __STDC__ is defined, since
|     <limits.h> exists even on freestanding compilers.  */
| 
| #ifdef __STDC__
| # include <limits.h>
| #else
| # include <assert.h>
| #endif
| 
| #undef stricmp
| 
| /* Override any GCC internal prototype to avoid an error.
|    Use char because int might match the return type of a GCC
|    builtin and then its argument prototype would still apply.  */
| #ifdef __cplusplus
| extern "C"
| #endif
| char stricmp ();
| /* The GNU C library defines this for functions which it implements
|     to always fail with ENOSYS.  Some functions are actually named
|     something starting with __ and the normal name is an alias.  */
| #if defined __stub_stricmp || defined __stub___stricmp
| choke me
| #endif
| 
| int
| main ()
| {
| return stricmp ();
|   ;
|   return 0;
| }
configure:8351: result: no
configure:8271: checking for _stricmp
configure:8327: /usr/bin/gcc -std=gnu99 -o conftest  -O3 -g -funroll-loops -fprefetch-loop-arrays -static-libgcc -Wl,--hash-style=both,--as-needed -DPARSEC_VERSION=3.0-beta-20120904  -L/usr/lib64 -L/usr/lib conftest.c -L/usr/lib64 -L/usr/lib  >&5
/tmp/ccpI5CsP.o: In function `main':
/home/kvm/parsec-3.0/pkgs/tools/yasm/obj/amd64-linux.gcc-pthreads/conftest.c:70: undefined reference to `_stricmp'
collect2: ld returned 1 exit status
configure:8333: $? = 1
configure: failed program was:
| /* confdefs.h.  */
| #define PACKAGE_NAME "yasm"
| #define PACKAGE_TARNAME "yasm"
| #define PACKAGE_VERSION "0.7.1"
| #define PACKAGE_STRING "yasm 0.7.1"
| #define PACKAGE_BUGREPORT "bug-yasm@tortall.net"
| #define PACKAGE "yasm"
| #define VERSION "0.7.1"
| #define PACKAGE_INTVER "0.7.1"
| #define PACKAGE_BUILD "2093"
| #define CPP_PROG "/usr/bin/cpp"
| #define STDC_HEADERS 1
| #define HAVE_SYS_TYPES_H 1
| #define HAVE_SYS_STAT_H 1
| #define HAVE_STDLIB_H 1
| #define HAVE_STRING_H 1
| #define HAVE_MEMORY_H 1
| #define HAVE_STRINGS_H 1
| #define HAVE_INTTYPES_H 1
| #define HAVE_STDINT_H 1
| #define HAVE_UNISTD_H 1
| #define HAVE_STRINGS_H 1
| #define HAVE_LIBGEN_H 1
| #define HAVE_UNISTD_H 1
| #define PROTOTYPES 1
| #define __PROTOTYPES 1
| #define HAVE_ABORT 1
| #define HAVE_TOASCII 1
| #define HAVE_VSNPRINTF 1
| #define HAVE_STRSEP 1
| #define HAVE_GETCWD 1
| #define HAVE_POPEN 1
| #define HAVE_STRCASECMP 1
| #define HAVE_STRNCASECMP 1
| /* end confdefs.h.  */
| /* Define _stricmp to an innocuous variant, in case <limits.h> declares _stricmp.
|    For example, HP-UX 11i <limits.h> declares gettimeofday.  */
| #define _stricmp innocuous__stricmp
| 
| /* System header to define __stub macros and hopefully few prototypes,
|     which can conflict with char _stricmp (); below.
|     Prefer <limits.h> to <assert.h> if __STDC__ is defined, since
|     <limits.h> exists even on freestanding compilers.  */
| 
| #ifdef __STDC__
| # include <limits.h>
| #else
| # include <assert.h>
| #endif
| 
| #undef _stricmp
| 
| /* Override any GCC internal prototype to avoid an error.
|    Use char because int might match the return type of a GCC
|    builtin and then its argument prototype would still apply.  */
| #ifdef __cplusplus
| extern "C"
| #endif
| char _stricmp ();
| /* The GNU C library defines this for functions which it implements
|     to always fail with ENOSYS.  Some functions are actually named
|     something starting with __ and the normal name is an alias.  */
| #if defined __stub__stricmp || defined __stub____stricmp
| choke me
| #endif
| 
| int
| main ()
| {
| return _stricmp ();
|   ;
|   return 0;
| }
configure:8351: result: no
configure:8271: checking for strcmpi
configure:8327: /usr/bin/gcc -std=gnu99 -o conftest  -O3 -g -funroll-loops -fprefetch-loop-arrays -static-libgcc -Wl,--hash-style=both,--as-needed -DPARSEC_VERSION=3.0-beta-20120904  -L/usr/lib64 -L/usr/lib conftest.c -L/usr/lib64 -L/usr/lib  >&5
/tmp/ccJJYL6W.o: In function `main':
/home/kvm/parsec-3.0/pkgs/tools/yasm/obj/amd64-linux.gcc-pthreads/conftest.c:70: undefined reference to `strcmpi'
collect2: ld returned 1 exit status
configure:8333: $? = 1
configure: failed program was:
| /* confdefs.h.  */
| #define PACKAGE_NAME "yasm"
| #define PACKAGE_TARNAME "yasm"
| #define PACKAGE_VERSION "0.7.1"
| #define PACKAGE_STRING "yasm 0.7.1"
| #define PACKAGE_BUGREPORT "bug-yasm@tortall.net"
| #define PACKAGE "yasm"
| #define VERSION "0.7.1"
| #define PACKAGE_INTVER "0.7.1"
| #define PACKAGE_BUILD "2093"
| #define CPP_PROG "/usr/bin/cpp"
| #define STDC_HEADERS 1
| #define HAVE_SYS_TYPES_H 1
| #define HAVE_SYS_STAT_H 1
| #define HAVE_STDLIB_H 1
| #define HAVE_STRING_H 1
| #define HAVE_MEMORY_H 1
| #define HAVE_STRINGS_H 1
| #define HAVE_INTTYPES_H 1
| #define HAVE_STDINT_H 1
| #define HAVE_UNISTD_H 1
| #define HAVE_STRINGS_H 1
| #define HAVE_LIBGEN_H 1
| #define HAVE_UNISTD_H 1
| #define PROTOTYPES 1
| #define __PROTOTYPES 1
| #define HAVE_ABORT 1
| #define HAVE_TOASCII 1
| #define HAVE_VSNPRINTF 1
| #define HAVE_STRSEP 1
| #define HAVE_GETCWD 1
| #define HAVE_POPEN 1
| #define HAVE_STRCASECMP 1
| #define HAVE_STRNCASECMP 1
| /* end confdefs.h.  */
| /* Define strcmpi to an innocuous variant, in case <limits.h> declares strcmpi.
|    For example, HP-UX 11i <limits.h> declares gettimeofday.  */
| #define strcmpi innocuous_strcmpi
| 
| /* System header to define __stub macros and hopefully few prototypes,
|     which can conflict with char strcmpi (); below.
|     Prefer <limits.h> to <assert.h> if __STDC__ is defined, since
|     <limits.h> exists even on freestanding compilers.  */
| 
| #ifdef __STDC__
| # include <limits.h>
| #else
| # include <assert.h>
| #endif
| 
| #undef strcmpi
| 
| /* Override any GCC internal prototype to avoid an error.
|    Use char because int might match the return type of a GCC
|    builtin and then its argument prototype would still apply.  */
| #ifdef __cplusplus
| extern "C"
| #endif
| char strcmpi ();
| /* The GNU C library defines this for functions which it implements
|     to always fail with ENOSYS.  Some functions are actually named
|     something starting with __ and the normal name is an alias.  */
| #if defined __stub_strcmpi || defined __stub___strcmpi
| choke me
| #endif
| 
| int
| main ()
| {
| return strcmpi ();
|   ;
|   return 0;
| }
configure:8351: result: no
configure:8367: checking whether NLS is requested
configure:8376: result: yes
configure:8414: checking for msgfmt
configure: trying /usr/bin/msgfmt...
0 translated messages.
configure:8446: result: /usr/bin/msgfmt
configure:8455: checking for gmsgfmt
configure:8486: result: /usr/bin/msgfmt
configure:8537: checking for xgettext
configure: trying /usr/bin/xgettext...
/usr/bin/xgettext: warning: file `/dev/null' extension `' is unknown; will try C
configure:8569: result: /usr/bin/xgettext
configure:8615: checking for msgmerge
configure: trying /usr/bin/msgmerge...
configure:8646: result: /usr/bin/msgmerge
configure:8682: checking build system type
configure:8700: result: x86_64-unknown-linux-gnu
configure:8722: checking host system type
configure:8737: result: x86_64-unknown-linux-gnu
configure:8783: checking for ld used by GCC
configure:8847: result: /usr/bin/ld
configure:8856: checking if the linker (/usr/bin/ld) is GNU ld
configure:8869: result: yes
configure:8876: checking for shared library run path origin
configure:8889: result: done
configure:9346: checking for CFPreferencesCopyAppValue
configure:9374: /usr/bin/gcc -std=gnu99 -o conftest  -O3 -g -funroll-loops -fprefetch-loop-arrays -static-libgcc -Wl,--hash-style=both,--as-needed -DPARSEC_VERSION=3.0-beta-20120904  -L/usr/lib64 -L/usr/lib conftest.c -L/usr/lib64 -L/usr/lib  -Wl,-framework -Wl,CoreFoundation >&5
conftest.c:36:42: fatal error: CoreFoundation/CFPreferences.h: No such file or directory
compilation terminated.
configure:9380: $? = 1
configure: failed program was:
| /* confdefs.h.  */
| #define PACKAGE_NAME "yasm"
| #define PACKAGE_TARNAME "yasm"
| #define PACKAGE_VERSION "0.7.1"
| #define PACKAGE_STRING "yasm 0.7.1"
| #define PACKAGE_BUGREPORT "bug-yasm@tortall.net"
| #define PACKAGE "yasm"
| #define VERSION "0.7.1"
| #define PACKAGE_INTVER "0.7.1"
| #define PACKAGE_BUILD "2093"
| #define CPP_PROG "/usr/bin/cpp"
| #define STDC_HEADERS 1
| #define HAVE_SYS_TYPES_H 1
| #define HAVE_SYS_STAT_H 1
| #define HAVE_STDLIB_H 1
| #define HAVE_STRING_H 1
| #define HAVE_MEMORY_H 1
| #define HAVE_STRINGS_H 1
| #define HAVE_INTTYPES_H 1
| #define HAVE_STDINT_H 1
| #define HAVE_UNISTD_H 1
| #define HAVE_STRINGS_H 1
| #define HAVE_LIBGEN_H 1
| #define HAVE_UNISTD_H 1
| #define PROTOTYPES 1
| #define __PROTOTYPES 1
| #define HAVE_ABORT 1
| #define HAVE_TOASCII 1
| #define HAVE_VSNPRINTF 1
| #define HAVE_STRSEP 1
| #define HAVE_GETCWD 1
| #define HAVE_POPEN 1
| #define HAVE_STRCASECMP 1
| #define HAVE_STRNCASECMP 1
| /* end confdefs.h.  */
| #include <CoreFoundation/CFPreferences.h>
| int
| main ()
| {
| CFPreferencesCopyAppValue(NULL, NULL)
|   ;
|   return 0;
| }
configure:9398: result: no
configure:9407: checking for CFLocaleCopyCurrent
configure:9435: /usr/bin/gcc -std=gnu99 -o conftest  -O3 -g -funroll-loops -fprefetch-loop-arrays -static-libgcc -Wl,--hash-style=both,--as-needed -DPARSEC_VERSION=3.0-beta-20120904  -L/usr/lib64 -L/usr/lib conftest.c -L/usr/lib64 -L/usr/lib  -Wl,-framework -Wl,CoreFoundation >&5
conftest.c:36:37: fatal error: CoreFoundation/CFLocale.h: No such file or directory
compilation terminated.
configure:9441: $? = 1
configure: failed program was:
| /* confdefs.h.  */
| #define PACKAGE_NAME "yasm"
| #define PACKAGE_TARNAME "yasm"
| #define PACKAGE_VERSION "0.7.1"
| #define PACKAGE_STRING "yasm 0.7.1"
| #define PACKAGE_BUGREPORT "bug-yasm@tortall.net"
| #define PACKAGE "yasm"
| #define VERSION "0.7.1"
| #define PACKAGE_INTVER "0.7.1"
| #define PACKAGE_BUILD "2093"
| #define CPP_PROG "/usr/bin/cpp"
| #define STDC_HEADERS 1
| #define HAVE_SYS_TYPES_H 1
| #define HAVE_SYS_STAT_H 1
| #define HAVE_STDLIB_H 1
| #define HAVE_STRING_H 1
| #define HAVE_MEMORY_H 1
| #define HAVE_STRINGS_H 1
| #define HAVE_INTTYPES_H 1
| #define HAVE_STDINT_H 1
| #define HAVE_UNISTD_H 1
| #define HAVE_STRINGS_H 1
| #define HAVE_LIBGEN_H 1
| #define HAVE_UNISTD_H 1
| #define PROTOTYPES 1
| #define __PROTOTYPES 1
| #define HAVE_ABORT 1
| #define HAVE_TOASCII 1
| #define HAVE_VSNPRINTF 1
| #define HAVE_STRSEP 1
| #define HAVE_GETCWD 1
| #define HAVE_POPEN 1
| #define HAVE_STRCASECMP 1
| #define HAVE_STRNCASECMP 1
| /* end confdefs.h.  */
| #include <CoreFoundation/CFLocale.h>
| int
| main ()
| {
| CFLocaleCopyCurrent();
|   ;
|   return 0;
| }
configure:9459: result: no
configure:9510: checking for GNU gettext in libc
configure:9540: /usr/bin/gcc -std=gnu99 -o conftest  -O3 -g -funroll-loops -fprefetch-loop-arrays -static-libgcc -Wl,--hash-style=both,--as-needed -DPARSEC_VERSION=3.0-beta-20120904  -L/usr/lib64 -L/usr/lib conftest.c -L/usr/lib64 -L/usr/lib  >&5
configure:9546: $? = 0
configure:9564: result: yes
configure:10280: checking whether to use NLS
configure:10282: result: yes
configure:10285: checking where the gettext function comes from
configure:10296: result: libc
configure:10372: checking for GNU C Library
configure:10398: result: yes
configure:10515: Checking for Python
configure:10550: checking for a Python interpreter with version >= 2.4
configure:10565: python -c import sys, string # split strings by '.' and convert to numeric. Append some zeros # because we need at least 4 digits for the hex conversion. minver = map(int, string.split('2.4', '.')) + [0, 0, 0] minverhex = 0 for i in xrange(0, 4): minverhex = (minverhex << 8) + minver[i] sys.exit(sys.hexversion < minverhex)
configure:10568: $? = 0
configure:10575: result: python
configure:10583: checking for python
configure:10601: found /usr/bin/python
configure:10613: result: /usr/bin/python
configure:10632: checking for python version
configure:10639: result: 2.7
configure:10651: checking for python platform
configure:10658: result: linux2
configure:10665: checking for python script directory
configure:10673: result: ${prefix}/lib/python2.7/site-packages
configure:10682: checking for python extension module directory
configure:10690: result: ${exec_prefix}/lib/python2.7/site-packages
configure:10989: creating ./config.status

## ---------------------- ##
## Running config.status. ##
## ---------------------- ##

This file was extended by yasm config.status 0.7.1, which was
generated by GNU Autoconf 2.61.  Invocation command line was

  CONFIG_FILES    = 
  CONFIG_HEADERS  = 
  CONFIG_LINKS    = 
  CONFIG_COMMANDS = 
  $ ./config.status 

on vm1

config.status:717: creating Makefile
config.status:717: creating po/Makefile.in
config.status:717: creating config.h
config.status:1002: executing depfiles commands
config.status:1002: executing libyasm-stdint.h commands
config.status:1134: creating libyasm-stdint.h : _YASM_LIBYASM_STDINT_H
config.status:1002: executing po-directories commands

## ---------------- ##
## Cache variables. ##
## ---------------- ##

ac_cv_build=x86_64-unknown-linux-gnu
ac_cv_c_compiler_gnu=yes
ac_cv_c_const=yes
ac_cv_c_inline=inline
ac_cv_env_CCLD_FOR_BUILD_set=
ac_cv_env_CCLD_FOR_BUILD_value=
ac_cv_env_CC_FOR_BUILD_set=
ac_cv_env_CC_FOR_BUILD_value=
ac_cv_env_CC_set=set
ac_cv_env_CC_value=/usr/bin/gcc
ac_cv_env_CFLAGS_set=set
ac_cv_env_CFLAGS_value=' -O3 -g -funroll-loops -fprefetch-loop-arrays -static-libgcc -Wl,--hash-style=both,--as-needed -DPARSEC_VERSION=3.0-beta-20120904'
ac_cv_env_CPPFLAGS_set=set
ac_cv_env_CPPFLAGS_value=
ac_cv_env_CPP_set=set
ac_cv_env_CPP_value=/usr/bin/cpp
ac_cv_env_LDFLAGS_set=set
ac_cv_env_LDFLAGS_value='-L/usr/lib64 -L/usr/lib'
ac_cv_env_LIBS_set=set
ac_cv_env_LIBS_value='-L/usr/lib64 -L/usr/lib '
ac_cv_env_build_alias_set=
ac_cv_env_build_alias_value=
ac_cv_env_host_alias_set=
ac_cv_env_host_alias_value=
ac_cv_env_target_alias_set=
ac_cv_env_target_alias_value=
ac_cv_func__stricmp=no
ac_cv_func_abort=yes
ac_cv_func_getcwd=yes
ac_cv_func_mergesort=no
ac_cv_func_popen=yes
ac_cv_func_strcasecmp=yes
ac_cv_func_strcmpi=no
ac_cv_func_stricmp=no
ac_cv_func_strncasecmp=yes
ac_cv_func_strsep=yes
ac_cv_func_toascii=yes
ac_cv_func_vsnprintf=yes
ac_cv_header_direct_h=no
ac_cv_header_inttypes_h=yes
ac_cv_header_libgen_h=yes
ac_cv_header_memory_h=yes
ac_cv_header_stdc=yes
ac_cv_header_stdint=stdint.h
ac_cv_header_stdint_h=yes
ac_cv_header_stdint_t=stdint.h
ac_cv_header_stdlib_h=yes
ac_cv_header_string_h=yes
ac_cv_header_strings_h=yes
ac_cv_header_sys_stat_h=yes
ac_cv_header_sys_types_h=yes
ac_cv_header_unistd_h=yes
ac_cv_host=x86_64-unknown-linux-gnu
ac_cv_objext=o
ac_cv_path_EGREP='/bin/grep -E'
ac_cv_path_GMSGFMT=/usr/bin/msgfmt
ac_cv_path_GREP=/bin/grep
ac_cv_path_MSGFMT=/usr/bin/msgfmt
ac_cv_path_MSGMERGE=/usr/bin/msgmerge
ac_cv_path_PYTHON=/usr/bin/python
ac_cv_path_XGETTEXT=/usr/bin/xgettext
ac_cv_path_install='/home/kvm/parsec-3.0/bin/../bin/install -c'
ac_cv_path_mkdir=/bin/mkdir
ac_cv_prog_AWK=mawk
ac_cv_prog_CPP=/usr/bin/cpp
ac_cv_prog_ac_ct_CC=/usr/bin/gcc
ac_cv_prog_ac_ct_RANLIB=/usr/bin/ranlib
ac_cv_prog_cc_c89=
ac_cv_prog_cc_c99=-std=gnu99
ac_cv_prog_cc_g=yes
ac_cv_prog_cc_stdc=-std=gnu99
ac_cv_prog_make__usr_bin_make_set=yes
ac_cv_stdint_message='using /usr/bin/gcc -std=gnu99'
ac_cv_stdint_result='(assuming C99 compatible system)'
ac_cv_type_size_t=yes
acl_cv_hardcode_direct=no
acl_cv_hardcode_libdir_flag_spec='${wl}-rpath ${wl}$libdir'
acl_cv_hardcode_libdir_separator=
acl_cv_hardcode_minus_L=no
acl_cv_libext=a
acl_cv_path_LD=/usr/bin/ld
acl_cv_prog_gnu_ld=yes
acl_cv_rpath=done
acl_cv_shlibext=so
acl_cv_wl=-Wl,
am_cv_CC_dependencies_compiler_type=gcc3
am_cv_pathless_PYTHON=python
am_cv_python_platform=linux2
am_cv_python_pyexecdir='${exec_prefix}/lib/python2.7/site-packages'
am_cv_python_pythondir='${prefix}/lib/python2.7/site-packages'
am_cv_python_version=2.7
gt_cv_func_CFLocaleCopyCurrent=no
gt_cv_func_CFPreferencesCopyAppValue=no
gt_cv_func_gnugettext1_libc=yes
yasm_cv_header_gnulib=yes

## ----------------- ##
## Output variables. ##
## ----------------- ##

ACLOCAL='${SHELL} /home/kvm/parsec-3.0/pkgs/tools/yasm/src/config/missing --run aclocal-1.10'
AMDEPBACKSLASH='\'
AMDEP_FALSE='#'
AMDEP_TRUE=''
AMTAR='${SHELL} /home/kvm/parsec-3.0/pkgs/tools/yasm/src/config/missing --run tar'
ARCH='x86'
AUTOCONF='${SHELL} /home/kvm/parsec-3.0/pkgs/tools/yasm/src/config/missing --run autoconf'
AUTOHEADER='${SHELL} /home/kvm/parsec-3.0/pkgs/tools/yasm/src/config/missing --run autoheader'
AUTOMAKE='${SHELL} /home/kvm/parsec-3.0/pkgs/tools/yasm/src/config/missing --run automake-1.10'
AWK='mawk'
BUILD_MAN_FALSE=''
BUILD_MAN_TRUE='#'
CC='/usr/bin/gcc -std=gnu99'
CCDEPMODE='depmode=gcc3'
CCLD_FOR_BUILD='/usr/bin/gcc -std=gnu99'
CC_FOR_BUILD='/usr/bin/gcc -std=gnu99'
CFLAGS=' -O3 -g -funroll-loops -fprefetch-loop-arrays -static-libgcc -Wl,--hash-style=both,--as-needed -DPARSEC_VERSION=3.0-beta-20120904'
CPP='/usr/bin/cpp'
CPPFLAGS=''
CYGPATH_W='echo'
DEFS='-DHAVE_CONFIG_H'
DEPDIR='.deps'
ECHO_C=''
ECHO_N='-n'
ECHO_T=''
EGREP='/bin/grep -E'
EXEEXT=''
GCC='yes'
GMSGFMT='/usr/bin/msgfmt'
GMSGFMT_015='/usr/bin/msgfmt'
GREP='/bin/grep'
HAVE_PYTHON_BINDINGS_FALSE=''
HAVE_PYTHON_BINDINGS_TRUE='#'
HAVE_PYTHON_FALSE='#'
HAVE_PYTHON_TRUE=''
HOST_CC='/usr/bin/gcc -std=gnu99'
INSTALL_DATA='${INSTALL} -m 644'
INSTALL_PROGRAM='${INSTALL}'
INSTALL_SCRIPT='${INSTALL}'
INSTALL_STRIP_PROGRAM='$(install_sh) -c -s'
INTLLIBS=''
INTL_MACOSX_LIBS=''
LDFLAGS='-L/usr/lib64 -L/usr/lib'
LIBICONV='-liconv'
LIBINTL=''
LIBOBJS=''
LIBS='-L/usr/lib64 -L/usr/lib '
LN_S='ln -s'
LTLIBICONV='-liconv'
LTLIBINTL=''
LTLIBOBJS=''
MAINT='#'
MAINTAINER_MODE_FALSE=''
MAINTAINER_MODE_TRUE='#'
MAKEINFO='${SHELL} /home/kvm/parsec-3.0/pkgs/tools/yasm/src/config/missing --run makeinfo'
MORE_CFLAGS=''
MSGFMT='/usr/bin/msgfmt'
MSGFMT_015='/usr/bin/msgfmt'
MSGMERGE='/usr/bin/msgmerge'
OBJEXT='o'
PACKAGE='yasm'
PACKAGE_BUGREPORT='bug-yasm@tortall.net'
PACKAGE_NAME='yasm'
PACKAGE_STRING='yasm 0.7.1'
PACKAGE_TARNAME='yasm'
PACKAGE_VERSION='0.7.1'
PATH_SEPARATOR=':'
POSUB='po'
PYTHON='/usr/bin/python'
PYTHON_EXEC_PREFIX='${exec_prefix}'
PYTHON_INCLUDES=''
PYTHON_PLATFORM='linux2'
PYTHON_PREFIX='${prefix}'
PYTHON_VERSION='2.7'
RANLIB='/usr/bin/ranlib'
SET_MAKE=''
SHELL='/bin/bash'
STRIP='/usr/bin/strip'
USE_NLS='yes'
VERSION='0.7.1'
XGETTEXT='/usr/bin/xgettext'
XGETTEXT_015='/usr/bin/xgettext'
XMLTO=':'
ac_ct_CC='/usr/bin/gcc'
am__fastdepCC_FALSE='#'
am__fastdepCC_TRUE=''
am__include='include'
am__isrc=' -I$(srcdir)'
am__leading_dot='.'
am__quote=''
am__tar='${AMTAR} chof - "$$tardir"'
am__untar='${AMTAR} xf -'
bindir='${exec_prefix}/bin'
build='x86_64-unknown-linux-gnu'
build_alias=''
build_cpu='x86_64'
build_os='linux-gnu'
build_vendor='unknown'
datadir='${datarootdir}'
datarootdir='${prefix}/share'
docdir='${datarootdir}/doc/${PACKAGE_TARNAME}'
dvidir='${docdir}'
exec_prefix='${prefix}'
host='x86_64-unknown-linux-gnu'
host_alias=''
host_cpu='x86_64'
host_os='linux-gnu'
host_vendor='unknown'
htmldir='${docdir}'
includedir='${prefix}/include'
infodir='${datarootdir}/info'
install_sh='$(SHELL) /home/kvm/parsec-3.0/pkgs/tools/yasm/src/config/install-sh'
libdir='${exec_prefix}/lib'
libexecdir='${exec_prefix}/libexec'
localedir='${datarootdir}/locale'
localstatedir='${prefix}/var'
mandir='${datarootdir}/man'
mkdir_p='/bin/mkdir -p'
oldincludedir='/usr/include'
pdfdir='${docdir}'
pkgpyexecdir='${pyexecdir}/yasm'
pkgpythondir='${pythondir}/yasm'
prefix='/home/kvm/parsec-3.0/bin/../pkgs/tools/yasm/inst/amd64-linux.gcc-pthreads'
program_transform_name='s,x,x,'
psdir='${docdir}'
pyexecdir='${exec_prefix}/lib/python2.7/site-packages'
pythondir='${prefix}/lib/python2.7/site-packages'
sbindir='${exec_prefix}/sbin'
sharedstatedir='${prefix}/com'
sysconfdir='${prefix}/etc'
target_alias=''

## ----------- ##
## confdefs.h. ##
## ----------- ##

#define PACKAGE_NAME "yasm"
#define PACKAGE_TARNAME "yasm"
#define PACKAGE_VERSION "0.7.1"
#define PACKAGE_STRING "yasm 0.7.1"
#define PACKAGE_BUGREPORT "bug-yasm@tortall.net"
#define PACKAGE "yasm"
#define VERSION "0.7.1"
#define PACKAGE_INTVER "0.7.1"
#define PACKAGE_BUILD "2093"
#define CPP_PROG "/usr/bin/cpp"
#define STDC_HEADERS 1
#define HAVE_SYS_TYPES_H 1
#define HAVE_SYS_STAT_H 1
#define HAVE_STDLIB_H 1
#define HAVE_STRING_H 1
#define HAVE_MEMORY_H 1
#define HAVE_STRINGS_H 1
#define HAVE_INTTYPES_H 1
#define HAVE_STDINT_H 1
#define HAVE_UNISTD_H 1
#define HAVE_STRINGS_H 1
#define HAVE_LIBGEN_H 1
#define HAVE_UNISTD_H 1
#define PROTOTYPES 1
#define __PROTOTYPES 1
#define HAVE_ABORT 1
#define HAVE_TOASCII 1
#define HAVE_VSNPRINTF 1
#define HAVE_STRSEP 1
#define HAVE_GETCWD 1
#define HAVE_POPEN 1
#define HAVE_STRCASECMP 1
#define HAVE_STRNCASECMP 1
#define ENABLE_NLS 1
#define HAVE_GETTEXT 1
#define HAVE_DCGETTEXT 1
#define HAVE_GNU_C_LIBRARY 1

configure: exit 0
