[PARSEC] Benchmarks to run:  splash2x.fmm

[PARSEC] [========== Running benchmark splash2x.fmm [1] ==========]
[PARSEC] Deleting old run directory.
[PARSEC] Setting up run directory.
[PARSEC] Unpacking benchmark input 'native'.
input.template
[PARSEC] Running 'time /users/pxie4/ECE522/mp2/hugepage/parsec-3.0/ext/splash2x/apps/fmm/inst/amd64-linux.gcc-pthreads/bin/run.sh 1 native':
[PARSEC] [---------- Beginning of output ----------]
Generating input file input_1...
Running /users/pxie4/ECE522/mp2/hugepage/parsec-3.0/ext/splash2x/apps/fmm/inst/amd64-linux.gcc-pthreads/bin/fmm 1 < input_1:
Creating a two cluster, non uniform distribution for 4194304 particles
Starting FMM with 1 processor
Finished FMM
                                   PROCESS STATISTICS
             Track        Tree        List        Part        Pass       Inter        Bar        Intra       Other
 Proc        Time         Time        Time        Time        Time       Time         Time       Time        Time
    0     61430372     1953655     1338569      811535     8303451    47312722           4      948343      762083

                                   TIMING INFORMATION
Start time                        : 1727689701998768
Initialization finish time        : 1727689747270565
Overall finish time               : 1727689808700937
Total time with initialization    :        106702169
Total time without initialization :         61430372

Total time for steps 3 to 5 :     61430372


real	1m46.774s
user	1m45.977s
sys	0m0.798s
[PARSEC] [----------    End of output    ----------]
[PARSEC]
[PARSEC] BIBLIOGRAPHY
[PARSEC]
[PARSEC] [1] Woo et al. The SPLASH-2 Programs: Characterization and Methodological Considerations. ISCA, 1995.
[PARSEC]
[PARSEC] Done.
