This file contains any messages produced by compilers while
running configure, to aid debugging if configure makes a mistake.

It was created by Mesa configure 7.2.0, which was
generated by GNU Autoconf 2.61.  Invocation command line was

  $ ./configure --with-driver=xlib --enable-glut --enable-static --disable-shared --prefix=/home/kvm/parsec-3.0/bin/../pkgs/libs/mesa/inst/amd64-linux.gcc-pthreads

## --------- ##
## Platform. ##
## --------- ##

hostname = vm1
uname -m = x86_64
uname -r = 3.2.0-37-virtual
uname -s = Linux
uname -v = #58-Ubuntu SMP Thu Jan 24 15:48:03 UTC 2013

/usr/bin/uname -p = unknown
/bin/uname -X     = unknown

/bin/arch              = unknown
/usr/bin/arch -k       = unknown
/usr/convex/getsysinfo = unknown
/usr/bin/hostinfo      = unknown
/bin/machine           = unknown
/usr/bin/oslevel       = unknown
/bin/universe          = unknown

PATH: /home/kvm/parsec-3.0/bin/../bin
PATH: /usr/local/sbin
PATH: /usr/local/bin
PATH: /usr/sbin
PATH: /usr/bin
PATH: /sbin
PATH: /bin
PATH: /usr/games
PATH: /home/kvm/parsec-3.0/bin


## ----------- ##
## Core tests. ##
## ----------- ##

configure:1904: checking build system type
configure:1922: result: x86_64-unknown-linux-gnu
configure:1944: checking host system type
configure:1959: result: x86_64-unknown-linux-gnu
configure:2032: checking for gcc
configure:2059: result: /usr/bin/gcc
configure:2297: checking for C compiler version
configure:2304: /usr/bin/gcc --version >&5
gcc (Ubuntu/Linaro 4.6.3-1ubuntu5) 4.6.3
Copyright (C) 2011 Free Software Foundation, Inc.
This is free software; see the source for copying conditions.  There is NO
warranty; not even for MERCHANTABILITY or FITNESS FOR A PARTICULAR PURPOSE.

configure:2307: $? = 0
configure:2314: /usr/bin/gcc -v >&5
Using built-in specs.
COLLECT_GCC=/usr/bin/gcc
COLLECT_LTO_WRAPPER=/usr/lib/gcc/x86_64-linux-gnu/4.6/lto-wrapper
Target: x86_64-linux-gnu
Configured with: ../src/configure -v --with-pkgversion='Ubuntu/Linaro 4.6.3-1ubuntu5' --with-bugurl=file:///usr/share/doc/gcc-4.6/README.Bugs --enable-languages=c,c++,fortran,objc,obj-c++ --prefix=/usr --program-suffix=-4.6 --enable-shared --enable-linker-build-id --with-system-zlib --libexecdir=/usr/lib --without-included-gettext --enable-threads=posix --with-gxx-include-dir=/usr/include/c++/4.6 --libdir=/usr/lib --enable-nls --with-sysroot=/ --enable-clocale=gnu --enable-libstdcxx-debug --enable-libstdcxx-time=yes --enable-gnu-unique-object --enable-plugin --enable-objc-gc --disable-werror --with-arch-32=i686 --with-tune=generic --enable-checking=release --build=x86_64-linux-gnu --host=x86_64-linux-gnu --target=x86_64-linux-gnu
Thread model: posix
gcc version 4.6.3 (Ubuntu/Linaro 4.6.3-1ubuntu5) 
configure:2317: $? = 0
configure:2324: /usr/bin/gcc -V >&5
gcc: error: unrecognized option '-V'
gcc: fatal error: no input files
compilation terminated.
configure:2327: $? = 4
configure:2350: checking for C compiler default output file name
configure:2377: /usr/bin/gcc  -O3 -g -funroll-loops -fprefetch-loop-arrays -static-libgcc -Wl,--hash-style=both,--as-needed -DPARSEC_VERSION=3.0-beta-20120904  -L/usr/lib64 -L/usr/lib conftest.c  >&5
configure:2380: $? = 0
configure:2418: result: a.out
configure:2435: checking whether the C compiler works
configure:2445: ./a.out
configure:2448: $? = 0
configure:2465: result: yes
configure:2472: checking whether we are cross compiling
configure:2474: result: no
configure:2477: checking for suffix of executables
configure:2484: /usr/bin/gcc -o conftest  -O3 -g -funroll-loops -fprefetch-loop-arrays -static-libgcc -Wl,--hash-style=both,--as-needed -DPARSEC_VERSION=3.0-beta-20120904  -L/usr/lib64 -L/usr/lib conftest.c  >&5
configure:2487: $? = 0
configure:2511: result: 
configure:2517: checking for suffix of object files
configure:2543: /usr/bin/gcc -c  -O3 -g -funroll-loops -fprefetch-loop-arrays -static-libgcc -Wl,--hash-style=both,--as-needed -DPARSEC_VERSION=3.0-beta-20120904  conftest.c >&5
configure:2546: $? = 0
configure:2569: result: o
configure:2573: checking whether we are using the GNU C compiler
configure:2602: /usr/bin/gcc -c  -O3 -g -funroll-loops -fprefetch-loop-arrays -static-libgcc -Wl,--hash-style=both,--as-needed -DPARSEC_VERSION=3.0-beta-20120904  conftest.c >&5
configure:2608: $? = 0
configure:2625: result: yes
configure:2630: checking whether /usr/bin/gcc accepts -g
configure:2660: /usr/bin/gcc -c -g  conftest.c >&5
configure:2666: $? = 0
configure:2765: result: yes
configure:2782: checking for /usr/bin/gcc option to accept ISO C89
configure:2856: /usr/bin/gcc  -c  -O3 -g -funroll-loops -fprefetch-loop-arrays -static-libgcc -Wl,--hash-style=both,--as-needed -DPARSEC_VERSION=3.0-beta-20120904  conftest.c >&5
configure:2862: $? = 0
configure:2885: result: none needed
configure:2908: checking how to run the C preprocessor
configure:3024: result: /usr/bin/cpp
configure:3053: /usr/bin/cpp  conftest.c
configure:3059: $? = 0
configure:3090: /usr/bin/cpp  conftest.c
conftest.c:8:28: fatal error: ac_nonexistent.h: No such file or directory
compilation terminated.
configure:3096: $? = 1
configure: failed program was:
| /* confdefs.h.  */
| #define PACKAGE_NAME "Mesa"
| #define PACKAGE_TARNAME "mesa"
| #define PACKAGE_VERSION "7.2.0"
| #define PACKAGE_STRING "Mesa 7.2.0"
| #define PACKAGE_BUGREPORT "https://bugs.freedesktop.org/enter_bug.cgi?product=Mesa"
| /* end confdefs.h.  */
| #include <ac_nonexistent.h>
configure:3181: checking for gcc
configure:3208: result: /usr/bin/gcc
configure:3446: checking for C compiler version
configure:3453: /usr/bin/gcc --version >&5
gcc (Ubuntu/Linaro 4.6.3-1ubuntu5) 4.6.3
Copyright (C) 2011 Free Software Foundation, Inc.
This is free software; see the source for copying conditions.  There is NO
warranty; not even for MERCHANTABILITY or FITNESS FOR A PARTICULAR PURPOSE.

configure:3456: $? = 0
configure:3463: /usr/bin/gcc -v >&5
Using built-in specs.
COLLECT_GCC=/usr/bin/gcc
COLLECT_LTO_WRAPPER=/usr/lib/gcc/x86_64-linux-gnu/4.6/lto-wrapper
Target: x86_64-linux-gnu
Configured with: ../src/configure -v --with-pkgversion='Ubuntu/Linaro 4.6.3-1ubuntu5' --with-bugurl=file:///usr/share/doc/gcc-4.6/README.Bugs --enable-languages=c,c++,fortran,objc,obj-c++ --prefix=/usr --program-suffix=-4.6 --enable-shared --enable-linker-build-id --with-system-zlib --libexecdir=/usr/lib --without-included-gettext --enable-threads=posix --with-gxx-include-dir=/usr/include/c++/4.6 --libdir=/usr/lib --enable-nls --with-sysroot=/ --enable-clocale=gnu --enable-libstdcxx-debug --enable-libstdcxx-time=yes --enable-gnu-unique-object --enable-plugin --enable-objc-gc --disable-werror --with-arch-32=i686 --with-tune=generic --enable-checking=release --build=x86_64-linux-gnu --host=x86_64-linux-gnu --target=x86_64-linux-gnu
Thread model: posix
gcc version 4.6.3 (Ubuntu/Linaro 4.6.3-1ubuntu5) 
configure:3466: $? = 0
configure:3473: /usr/bin/gcc -V >&5
gcc: error: unrecognized option '-V'
gcc: fatal error: no input files
compilation terminated.
configure:3476: $? = 4
configure:3479: checking whether we are using the GNU C compiler
configure:3531: result: yes
configure:3536: checking whether /usr/bin/gcc accepts -g
configure:3671: result: yes
configure:3688: checking for /usr/bin/gcc option to accept ISO C89
configure:3791: result: none needed
configure:3925: checking for C++ compiler version
configure:3932: /usr/bin/g++ --version >&5
g++ (Ubuntu/Linaro 4.6.3-1ubuntu5) 4.6.3
Copyright (C) 2011 Free Software Foundation, Inc.
This is free software; see the source for copying conditions.  There is NO
warranty; not even for MERCHANTABILITY or FITNESS FOR A PARTICULAR PURPOSE.

configure:3935: $? = 0
configure:3942: /usr/bin/g++ -v >&5
Using built-in specs.
COLLECT_GCC=/usr/bin/g++
COLLECT_LTO_WRAPPER=/usr/lib/gcc/x86_64-linux-gnu/4.6/lto-wrapper
Target: x86_64-linux-gnu
Configured with: ../src/configure -v --with-pkgversion='Ubuntu/Linaro 4.6.3-1ubuntu5' --with-bugurl=file:///usr/share/doc/gcc-4.6/README.Bugs --enable-languages=c,c++,fortran,objc,obj-c++ --prefix=/usr --program-suffix=-4.6 --enable-shared --enable-linker-build-id --with-system-zlib --libexecdir=/usr/lib --without-included-gettext --enable-threads=posix --with-gxx-include-dir=/usr/include/c++/4.6 --libdir=/usr/lib --enable-nls --with-sysroot=/ --enable-clocale=gnu --enable-libstdcxx-debug --enable-libstdcxx-time=yes --enable-gnu-unique-object --enable-plugin --enable-objc-gc --disable-werror --with-arch-32=i686 --with-tune=generic --enable-checking=release --build=x86_64-linux-gnu --host=x86_64-linux-gnu --target=x86_64-linux-gnu
Thread model: posix
gcc version 4.6.3 (Ubuntu/Linaro 4.6.3-1ubuntu5) 
configure:3945: $? = 0
configure:3952: /usr/bin/g++ -V >&5
g++: error: unrecognized option '-V'
g++: fatal error: no input files
compilation terminated.
configure:3955: $? = 4
configure:3958: checking whether we are using the GNU C++ compiler
configure:3987: /usr/bin/g++ -c -O3 -g -funroll-loops -fprefetch-loop-arrays -fpermissive -fno-exceptions -static-libgcc -Wl,--hash-style=both,--as-needed -DPARSEC_VERSION=3.0-beta-20120904  conftest.cpp >&5
configure:3993: $? = 0
configure:4010: result: yes
configure:4015: checking whether /usr/bin/g++ accepts -g
configure:4045: /usr/bin/g++ -c -g  conftest.cpp >&5
configure:4051: $? = 0
configure:4150: result: yes
configure:4177: checking for gmake
configure:4204: result: /usr/bin/make
configure:4217: checking for makedepend
configure:4250: result: no
configure:4257: checking for sed
configure:4275: found /bin/sed
configure:4287: result: /bin/sed
configure:4407: checking for pkg-config
configure:4440: result: no
configure:4658: checking whether to enable assembly
configure:4710: result: yes, x86_64
configure:4837: checking for dlopen
configure:4893: /usr/bin/gcc -o conftest  -O3 -g -funroll-loops -fprefetch-loop-arrays -static-libgcc -Wl,--hash-style=both,--as-needed -DPARSEC_VERSION=3.0-beta-20120904 -Wall -Wmissing-prototypes -std=c99 -ffast-math -fno-strict-aliasing  -L/usr/lib64 -L/usr/lib conftest.c  >&5
/tmp/cc5cTOuz.o: In function `main':
/home/kvm/parsec-3.0/pkgs/libs/mesa/obj/amd64-linux.gcc-pthreads/conftest.c:42: undefined reference to `dlopen'
collect2: ld returned 1 exit status
configure:4899: $? = 1
configure: failed program was:
| /* confdefs.h.  */
| #define PACKAGE_NAME "Mesa"
| #define PACKAGE_TARNAME "mesa"
| #define PACKAGE_VERSION "7.2.0"
| #define PACKAGE_STRING "Mesa 7.2.0"
| #define PACKAGE_BUGREPORT "https://bugs.freedesktop.org/enter_bug.cgi?product=Mesa"
| /* end confdefs.h.  */
| /* Define dlopen to an innocuous variant, in case <limits.h> declares dlopen.
|    For example, HP-UX 11i <limits.h> declares gettimeofday.  */
| #define dlopen innocuous_dlopen
| 
| /* System header to define __stub macros and hopefully few prototypes,
|     which can conflict with char dlopen (); below.
|     Prefer <limits.h> to <assert.h> if __STDC__ is defined, since
|     <limits.h> exists even on freestanding compilers.  */
| 
| #ifdef __STDC__
| # include <limits.h>
| #else
| # include <assert.h>
| #endif
| 
| #undef dlopen
| 
| /* Override any GCC internal prototype to avoid an error.
|    Use char because int might match the return type of a GCC
|    builtin and then its argument prototype would still apply.  */
| #ifdef __cplusplus
| extern "C"
| #endif
| char dlopen ();
| /* The GNU C library defines this for functions which it implements
|     to always fail with ENOSYS.  Some functions are actually named
|     something starting with __ and the normal name is an alias.  */
| #if defined __stub_dlopen || defined __stub___dlopen
| choke me
| #endif
| 
| int
| main ()
| {
| return dlopen ();
|   ;
|   return 0;
| }
configure:4916: result: no
configure:4921: checking for dlopen in -ldl
configure:4956: /usr/bin/gcc -o conftest  -O3 -g -funroll-loops -fprefetch-loop-arrays -static-libgcc -Wl,--hash-style=both,--as-needed -DPARSEC_VERSION=3.0-beta-20120904 -Wall -Wmissing-prototypes -std=c99 -ffast-math -fno-strict-aliasing  -L/usr/lib64 -L/usr/lib conftest.c -ldl   >&5
configure:4962: $? = 0
configure:4980: result: yes
configure:4989: checking for posix_memalign
configure:5045: /usr/bin/gcc -o conftest  -O3 -g -funroll-loops -fprefetch-loop-arrays -static-libgcc -Wl,--hash-style=both,--as-needed -DPARSEC_VERSION=3.0-beta-20120904 -Wall -Wmissing-prototypes -std=c99 -ffast-math -fno-strict-aliasing  -L/usr/lib64 -L/usr/lib conftest.c  >&5
configure:5051: $? = 0
configure:5068: result: yes
configure:5834: checking for X
configure:5949: /usr/bin/cpp  conftest.c
configure:5955: $? = 0
configure:6004: /usr/bin/gcc -o conftest  -O3 -g -funroll-loops -fprefetch-loop-arrays -static-libgcc -Wl,--hash-style=both,--as-needed -DPARSEC_VERSION=3.0-beta-20120904 -Wall -Wmissing-prototypes -std=c99 -ffast-math -fno-strict-aliasing  -L/usr/lib64 -L/usr/lib conftest.c -lX11  >&5
configure:6010: $? = 0
configure:6069: result: libraries , headers 
configure:6230: /usr/bin/gcc -o conftest  -O3 -g -funroll-loops -fprefetch-loop-arrays -static-libgcc -Wl,--hash-style=both,--as-needed -DPARSEC_VERSION=3.0-beta-20120904 -Wall -Wmissing-prototypes -std=c99 -ffast-math -fno-strict-aliasing  -L/usr/lib64 -L/usr/lib conftest.c   -lX11 >&5
configure:6236: $? = 0
configure:6393: checking for gethostbyname
configure:6449: /usr/bin/gcc -o conftest  -O3 -g -funroll-loops -fprefetch-loop-arrays -static-libgcc -Wl,--hash-style=both,--as-needed -DPARSEC_VERSION=3.0-beta-20120904 -Wall -Wmissing-prototypes -std=c99 -ffast-math -fno-strict-aliasing  -L/usr/lib64 -L/usr/lib conftest.c  >&5
configure:6455: $? = 0
configure:6472: result: yes
configure:6617: checking for connect
configure:6673: /usr/bin/gcc -o conftest  -O3 -g -funroll-loops -fprefetch-loop-arrays -static-libgcc -Wl,--hash-style=both,--as-needed -DPARSEC_VERSION=3.0-beta-20120904 -Wall -Wmissing-prototypes -std=c99 -ffast-math -fno-strict-aliasing  -L/usr/lib64 -L/usr/lib conftest.c  >&5
configure:6679: $? = 0
configure:6696: result: yes
configure:6768: checking for remove
configure:6824: /usr/bin/gcc -o conftest  -O3 -g -funroll-loops -fprefetch-loop-arrays -static-libgcc -Wl,--hash-style=both,--as-needed -DPARSEC_VERSION=3.0-beta-20120904 -Wall -Wmissing-prototypes -std=c99 -ffast-math -fno-strict-aliasing  -L/usr/lib64 -L/usr/lib conftest.c  >&5
configure:6830: $? = 0
configure:6847: result: yes
configure:6919: checking for shmat
configure:6975: /usr/bin/gcc -o conftest  -O3 -g -funroll-loops -fprefetch-loop-arrays -static-libgcc -Wl,--hash-style=both,--as-needed -DPARSEC_VERSION=3.0-beta-20120904 -Wall -Wmissing-prototypes -std=c99 -ffast-math -fno-strict-aliasing  -L/usr/lib64 -L/usr/lib conftest.c  >&5
configure:6981: $? = 0
configure:6998: result: yes
configure:7079: checking for IceConnectionNumber in -lICE
configure:7114: /usr/bin/gcc -o conftest  -O3 -g -funroll-loops -fprefetch-loop-arrays -static-libgcc -Wl,--hash-style=both,--as-needed -DPARSEC_VERSION=3.0-beta-20120904 -Wall -Wmissing-prototypes -std=c99 -ffast-math -fno-strict-aliasing  -L/usr/lib64 -L/usr/lib conftest.c -lICE   >&5
configure:7120: $? = 0
configure:7138: result: yes
configure:8997: creating ./config.status

## ---------------------- ##
## Running config.status. ##
## ---------------------- ##

This file was extended by Mesa config.status 7.2.0, which was
generated by GNU Autoconf 2.61.  Invocation command line was

  CONFIG_FILES    = 
  CONFIG_HEADERS  = 
  CONFIG_LINKS    = 
  CONFIG_COMMANDS = 
  $ ./config.status 

on vm1

config.status:657: creating configs/autoconf
config.status:837: executing configs commands

## ---------------- ##
## Cache variables. ##
## ---------------- ##

ac_cv_build=x86_64-unknown-linux-gnu
ac_cv_c_compiler_gnu=yes
ac_cv_cxx_compiler_gnu=yes
ac_cv_env_ARCH_FLAGS_set=
ac_cv_env_ARCH_FLAGS_value=
ac_cv_env_CCC_set=
ac_cv_env_CCC_value=
ac_cv_env_CC_set=set
ac_cv_env_CC_value=/usr/bin/gcc
ac_cv_env_CFLAGS_set=set
ac_cv_env_CFLAGS_value=' -O3 -g -funroll-loops -fprefetch-loop-arrays -static-libgcc -Wl,--hash-style=both,--as-needed -DPARSEC_VERSION=3.0-beta-20120904'
ac_cv_env_CPPFLAGS_set=set
ac_cv_env_CPPFLAGS_value=
ac_cv_env_CPP_set=set
ac_cv_env_CPP_value=/usr/bin/cpp
ac_cv_env_CXXFLAGS_set=set
ac_cv_env_CXXFLAGS_value='-O3 -g -funroll-loops -fprefetch-loop-arrays -fpermissive -fno-exceptions -static-libgcc -Wl,--hash-style=both,--as-needed -DPARSEC_VERSION=3.0-beta-20120904'
ac_cv_env_CXX_set=set
ac_cv_env_CXX_value=/usr/bin/g++
ac_cv_env_DRIGL_CFLAGS_set=
ac_cv_env_DRIGL_CFLAGS_value=
ac_cv_env_DRIGL_LIBS_set=
ac_cv_env_DRIGL_LIBS_value=
ac_cv_env_EXTRA_LIB_PATH_set=
ac_cv_env_EXTRA_LIB_PATH_value=
ac_cv_env_GLUT_CFLAGS_set=
ac_cv_env_GLUT_CFLAGS_value=
ac_cv_env_GLUT_LIBS_set=
ac_cv_env_GLUT_LIBS_value=
ac_cv_env_GLW_CFLAGS_set=
ac_cv_env_GLW_CFLAGS_value=
ac_cv_env_GLW_LIBS_set=
ac_cv_env_GLW_LIBS_value=
ac_cv_env_LDFLAGS_set=set
ac_cv_env_LDFLAGS_value='-L/usr/lib64 -L/usr/lib'
ac_cv_env_LIBDRM_CFLAGS_set=
ac_cv_env_LIBDRM_CFLAGS_value=
ac_cv_env_LIBDRM_LIBS_set=
ac_cv_env_LIBDRM_LIBS_value=
ac_cv_env_LIBS_set=set
ac_cv_env_LIBS_value=
ac_cv_env_MKLIB_OPTIONS_set=
ac_cv_env_MKLIB_OPTIONS_value=
ac_cv_env_OPT_FLAGS_set=
ac_cv_env_OPT_FLAGS_value=
ac_cv_env_PIC_FLAGS_set=
ac_cv_env_PIC_FLAGS_value=
ac_cv_env_PKG_CONFIG_set=
ac_cv_env_PKG_CONFIG_value=
ac_cv_env_X11_INCLUDES_set=
ac_cv_env_X11_INCLUDES_value=
ac_cv_env_XCB_CFLAGS_set=
ac_cv_env_XCB_CFLAGS_value=
ac_cv_env_XCB_LIBS_set=
ac_cv_env_XCB_LIBS_value=
ac_cv_env_XLIBGL_CFLAGS_set=
ac_cv_env_XLIBGL_CFLAGS_value=
ac_cv_env_XLIBGL_LIBS_set=
ac_cv_env_XLIBGL_LIBS_value=
ac_cv_env_XMKMF_set=
ac_cv_env_XMKMF_value=
ac_cv_env_build_alias_set=
ac_cv_env_build_alias_value=
ac_cv_env_host_alias_set=
ac_cv_env_host_alias_value=
ac_cv_env_target_alias_set=
ac_cv_env_target_alias_value=
ac_cv_func_connect=yes
ac_cv_func_dlopen=no
ac_cv_func_gethostbyname=yes
ac_cv_func_posix_memalign=yes
ac_cv_func_remove=yes
ac_cv_func_shmat=yes
ac_cv_have_x='have_x=yes	ac_x_includes='\'''\''	ac_x_libraries='\'''\'''
ac_cv_host=x86_64-unknown-linux-gnu
ac_cv_lib_ICE_IceConnectionNumber=yes
ac_cv_lib_dl_dlopen=yes
ac_cv_objext=o
ac_cv_path_SED=/bin/sed
ac_cv_prog_CPP=/usr/bin/cpp
ac_cv_prog_MAKE=/usr/bin/make
ac_cv_prog_ac_ct_CC=/usr/bin/gcc
ac_cv_prog_cc_c89=
ac_cv_prog_cc_g=yes
ac_cv_prog_cxx_g=yes

## ----------------- ##
## Output variables. ##
## ----------------- ##

APP_LIB_DEPS='  -lX11 -lXext  -lm -lpthread  -lstdc++  -lXt -lX11  -lX11 -lXmu -lXi -lm '
ARCH_FLAGS=''
ASM_API='$(X86-64_API)'
ASM_FLAGS='-DUSE_X86_64_ASM'
ASM_SOURCES='$(X86-64_SOURCES)'
CC='/usr/bin/gcc'
CFLAGS=' -O3 -g -funroll-loops -fprefetch-loop-arrays -static-libgcc -Wl,--hash-style=both,--as-needed -DPARSEC_VERSION=3.0-beta-20120904 -Wall -Wmissing-prototypes -std=c99 -ffast-math -fno-strict-aliasing'
CPP='/usr/bin/cpp'
CPPFLAGS=''
CXX='/usr/bin/g++'
CXXFLAGS='-O3 -g -funroll-loops -fprefetch-loop-arrays -fpermissive -fno-exceptions -static-libgcc -Wl,--hash-style=both,--as-needed -DPARSEC_VERSION=3.0-beta-20120904 -Wall -fno-strict-aliasing'
DEFINES=' -D_POSIX_SOURCE -D_POSIX_C_SOURCE=199309L -D_BSD_SOURCE -D_SVID_SOURCE -D_GNU_SOURCE -DPTHREADS -DHAVE_POSIX_MEMALIGN -DUSE_XSHM'
DEFS='-DPACKAGE_NAME=\"Mesa\" -DPACKAGE_TARNAME=\"mesa\" -DPACKAGE_VERSION=\"7.2.0\" -DPACKAGE_STRING=\"Mesa\ 7.2.0\" -DPACKAGE_BUGREPORT=\"https://bugs.freedesktop.org/enter_bug.cgi\?product=Mesa\"'
DRIGL_CFLAGS=''
DRIGL_LIBS=''
DRIVER_DIRS='x11 osmesa'
DRI_DIRS='yes'
DRI_DRIVER_INSTALL_DIR='${libdir}/dri'
DRI_LIB_DEPS=''
ECHO_C=''
ECHO_N='-n'
ECHO_T=''
EGREP=''
EXEEXT=''
EXPAT_INCLUDES=''
EXTRA_LIB_PATH=''
GLUT_CFLAGS='-fexceptions'
GLUT_LIBS=''
GLUT_LIB_DEPS=''
GLUT_LIB_NAME='lib$(GLUT_LIB).a'
GLUT_MESA_DEPS=''
GLU_DIRS='sgi'
GLU_LIB_DEPS=''
GLU_LIB_NAME='lib$(GLU_LIB).a'
GLU_MESA_DEPS=''
GLW_CFLAGS=''
GLW_LIBS=''
GLW_LIB_DEPS=''
GLW_LIB_NAME='lib$(GLW_LIB).a'
GLW_MESA_DEPS=''
GLW_SOURCES='GLwDrawA.c'
GL_LIB_DEPS=''
GL_LIB_NAME='lib$(GL_LIB).a'
GREP=''
LDFLAGS='-L/usr/lib64 -L/usr/lib'
LIBDRM_CFLAGS=''
LIBDRM_LIBS=''
LIBOBJS=''
LIBS=''
LIB_DIR='lib'
LTLIBOBJS=''
MAKE='/usr/bin/make'
MKDEP=''
MKDEP_OPTIONS='-fdepend -I/usr/lib/gcc/x86_64-linux-gnu/4.6/include'
MKLIB_OPTIONS=' -static'
MOTIF_CFLAGS=''
MOTIF_CONFIG=''
OBJEXT='o'
OPT_FLAGS=''
OSMESA_LIB='OSMesa'
OSMESA_LIB_DEPS=''
OSMESA_LIB_NAME='lib$(OSMESA_LIB).a'
OSMESA_MESA_DEPS=''
PACKAGE_BUGREPORT='https://bugs.freedesktop.org/enter_bug.cgi?product=Mesa'
PACKAGE_NAME='Mesa'
PACKAGE_STRING='Mesa 7.2.0'
PACKAGE_TARNAME='mesa'
PACKAGE_VERSION='7.2.0'
PATH_SEPARATOR=':'
PIC_FLAGS=''
PKG_CONFIG=''
POSIX_SHELL=''
PROGRAM_DIRS=''
SED='/bin/sed'
SHELL='/bin/bash'
SRC_DIRS='mesa glu glw glut/glx'
USING_EGL='0'
WINDOW_SYSTEM=''
X11_INCLUDES=' '
XCB_CFLAGS=''
XCB_LIBS=''
XLIBGL_CFLAGS=''
XLIBGL_LIBS=''
XMKMF=''
X_CFLAGS=''
X_EXTRA_LIBS=''
X_LIBS=''
X_PRE_LIBS=' -lSM -lICE'
ac_ct_CC='/usr/bin/gcc'
ac_ct_CXX=''
bindir='${exec_prefix}/bin'
build='x86_64-unknown-linux-gnu'
build_alias=''
build_cpu='x86_64'
build_os='linux-gnu'
build_vendor='unknown'
datadir='${datarootdir}'
datarootdir='${prefix}/share'
docdir='${datarootdir}/doc/${PACKAGE_TARNAME}'
dvidir='${docdir}'
exec_prefix='${prefix}'
host='x86_64-unknown-linux-gnu'
host_alias=''
host_cpu='x86_64'
host_os='linux-gnu'
host_vendor='unknown'
htmldir='${docdir}'
includedir='${prefix}/include'
infodir='${datarootdir}/info'
libdir='${exec_prefix}/lib'
libexecdir='${exec_prefix}/libexec'
localedir='${datarootdir}/locale'
localstatedir='${prefix}/var'
mandir='${datarootdir}/man'
oldincludedir='/usr/include'
pdfdir='${docdir}'
prefix='/home/kvm/parsec-3.0/bin/../pkgs/libs/mesa/inst/amd64-linux.gcc-pthreads'
program_transform_name='s,x,x,'
psdir='${docdir}'
sbindir='${exec_prefix}/sbin'
sharedstatedir='${prefix}/com'
sysconfdir='${prefix}/etc'
target_alias=''

## ----------- ##
## confdefs.h. ##
## ----------- ##

#define PACKAGE_NAME "Mesa"
#define PACKAGE_TARNAME "mesa"
#define PACKAGE_VERSION "7.2.0"
#define PACKAGE_STRING "Mesa 7.2.0"
#define PACKAGE_BUGREPORT "https://bugs.freedesktop.org/enter_bug.cgi?product=Mesa"

configure: exit 0
