[PARSEC] [========== PARSEC 3.0-beta-20120904 RUN LOGFILE ==========]

[PARSEC] Run with amd64-linux.gcc-pthreads binaries and input native started on Mon Sep 30 05:27:58 MDT 2024.
[PARSEC] Benchmarks to run:  splash2x.fmm

[PARSEC] [========== Running benchmark splash2x.fmm [1] ==========]
[PARSEC] Deleting old run directory.
[PARSEC] Setting up run directory.
[PARSEC] Unpacking benchmark input 'native'.
input.template
[PARSEC] Running 'time /users/pxie4/ECE522/mp2/hugepage/parsec-3.0/ext/splash2x/apps/fmm/inst/amd64-linux.gcc-pthreads/bin/run.sh 1 native':
[PARSEC] [---------- Beginning of output ----------]
Generating input file input_1...
Running /users/pxie4/ECE522/mp2/hugepage/parsec-3.0/ext/splash2x/apps/fmm/inst/amd64-linux.gcc-pthreads/bin/fmm 1 < input_1:
Creating a two cluster, non uniform distribution for 4194304 particles
Starting FMM with 1 processor
Finished FMM
                                   PROCESS STATISTICS
             Track        Tree        List        Part        Pass       Inter        Bar        Intra       Other
 Proc        Time         Time        Time        Time        Time       Time         Time       Time        Time
    0     57695824     1577192     1222764      645650     7540285    45327095           4      757816      625009

                                   TIMING INFORMATION
Start time                        : 1727695678557559
Initialization finish time        : 1727695719828600
Overall finish time               : 1727695777524425
Total time with initialization    :         98966866
Total time without initialization :         57695824

Total time for steps 3 to 5 :     57695824


real	1m38.981s
user	1m38.764s
sys	0m0.218s
[PARSEC] [----------    End of output    ----------]
[PARSEC] Done.
