[PARSEC] [========== PARSEC 3.0-beta-20120904 RUN LOGFILE ==========]

[PARSEC] Run with amd64-linux.gcc-pthreads binaries and input native started on Mon Sep 30 05:20:48 MDT 2024.
[PARSEC] Benchmarks to run:  parsec.streamcluster

[PARSEC] [========== Running benchmark parsec.streamcluster [1] ==========]
[PARSEC] Deleting old run directory.
[PARSEC] Setting up run directory.
[PARSEC] No archive for input 'native' available, skipping input setup.
[PARSEC] Running 'time /users/pxie4/ECE522/mp2/hugepage/parsec-3.0/pkgs/kernels/streamcluster/inst/amd64-linux.gcc-pthreads/bin/streamcluster 10 20 128 1000000 200000 5000 none output.txt 1':
[PARSEC] [---------- Beginning of output ----------]
PARSEC Benchmark Suite Version 3.0-beta-20120904
read 200000 points haha
read 200000 points haha
read 200000 points haha
read 200000 points haha
read 200000 points haha

real	7m9.417s
user	7m9.404s
sys	0m0.008s
[PARSEC] [----------    End of output    ----------]
[PARSEC] Done.
